Using pre-set license
Built from '2021.3/release' branch; Version is '2021.3.17f1 (3e8111cac19d) revision 4096273'; Using compiler version '192829333'; Build Type 'Release'
OS: 'Windows 10  (10.0.19045) 64bit Professional' Language: 'ko' Physical Memory: 8154 MB
BatchMode: 1, IsHumanControllingUs: 0, StartBugReporterOnCrash: 0, Is64bit: 1, IsPro: 1

COMMAND LINE ARGUMENTS:
D:\Program Files\2021.3.17f1\Editor\Unity.exe
-adb2
-batchMode
-noUpm
-name
AssetImportWorker8
-projectPath
D:/Project/TheWeakest/Client
-logFile
Logs/AssetImportWorker8.log
-srvPort
54035
Successfully changed project path to: D:/Project/TheWeakest/Client
D:/Project/TheWeakest/Client
[UnityMemory] Configuration Parameters - Can be set up in boot.config
    "memorysetup-bucket-allocator-granularity=16"
    "memorysetup-bucket-allocator-bucket-count=8"
    "memorysetup-bucket-allocator-block-size=33554432"
    "memorysetup-bucket-allocator-block-count=8"
    "memorysetup-main-allocator-block-size=16777216"
    "memorysetup-thread-allocator-block-size=16777216"
    "memorysetup-gfx-main-allocator-block-size=16777216"
    "memorysetup-gfx-thread-allocator-block-size=16777216"
    "memorysetup-cache-allocator-block-size=4194304"
    "memorysetup-typetree-allocator-block-size=2097152"
    "memorysetup-profiler-bucket-allocator-granularity=16"
    "memorysetup-profiler-bucket-allocator-bucket-count=8"
    "memorysetup-profiler-bucket-allocator-block-size=33554432"
    "memorysetup-profiler-bucket-allocator-block-count=8"
    "memorysetup-profiler-allocator-block-size=16777216"
    "memorysetup-profiler-editor-allocator-block-size=1048576"
    "memorysetup-temp-allocator-size-main=16777216"
    "memorysetup-job-temp-allocator-block-size=2097152"
    "memorysetup-job-temp-allocator-block-size-background=1048576"
    "memorysetup-job-temp-allocator-reduction-small-platforms=262144"
    "memorysetup-temp-allocator-size-background-worker=32768"
    "memorysetup-temp-allocator-size-job-worker=262144"
    "memorysetup-temp-allocator-size-preload-manager=33554432"
    "memorysetup-temp-allocator-size-nav-mesh-worker=65536"
    "memorysetup-temp-allocator-size-audio-worker=65536"
    "memorysetup-temp-allocator-size-cloud-worker=32768"
    "memorysetup-temp-allocator-size-gi-baking-worker=262144"
    "memorysetup-temp-allocator-size-gfx=262144"
Player connection [11652] Host "[IP] 192.168.0.6 [Port] 0 [Flags] 2 [Guid] 3871115340 [EditorId] 3871115340 [Version] 1048832 [Id] WindowsEditor(7,DESKTOP-BA7IE89) [Debug] 1 [PackageName] WindowsEditor [ProjectName] Editor" joined multi-casting on [225.0.0.222:54997]...

Player connection [11652] Host "[IP] 192.168.0.6 [Port] 0 [Flags] 2 [Guid] 3871115340 [EditorId] 3871115340 [Version] 1048832 [Id] WindowsEditor(7,DESKTOP-BA7IE89) [Debug] 1 [PackageName] WindowsEditor [ProjectName] Editor" joined alternative multi-casting on [225.0.0.222:34997]...

Refreshing native plugins compatible for Editor in 147.54 ms, found 4 plugins.
Preloading 0 native plugins for Editor in 0.00 ms.
Initialize engine version: 2021.3.17f1 (3e8111cac19d)
[Subsystems] Discovering subsystems at path D:/Program Files/2021.3.17f1/Editor/Data/Resources/UnitySubsystems
[Subsystems] Discovering subsystems at path D:/Project/TheWeakest/Client/Assets
GfxDevice: creating device client; threaded=0; jobified=0
Direct3D:
    Version:  Direct3D 11.0 [level 11.0]
    Renderer: NVIDIA GeForce GTX 750 Ti (ID=0x1380)
    Vendor:   NVIDIA
    VRAM:     2007 MB
    Driver:   31.0.15.1694
Initialize mono
Mono path[0] = 'D:/Program Files/2021.3.17f1/Editor/Data/Managed'
Mono path[1] = 'D:/Program Files/2021.3.17f1/Editor/Data/MonoBleedingEdge/lib/mono/unityjit-win32'
Mono config path = 'D:/Program Files/2021.3.17f1/Editor/Data/MonoBleedingEdge/etc'
Using monoOptions --debugger-agent=transport=dt_socket,embedding=1,server=y,suspend=n,address=127.0.0.1:56176
Begin MonoManager ReloadAssembly
Registering precompiled unity dll's ...
Register platform support module: D:/Program Files/2021.3.17f1/Editor/Data/PlaybackEngines/WebGLSupport/UnityEditor.WebGL.Extensions.dll
Register platform support module: D:/Program Files/2021.3.17f1/Editor/Data/PlaybackEngines/MacStandaloneSupport/UnityEditor.OSXStandalone.Extensions.dll
Register platform support module: D:/Program Files/2021.3.17f1/Editor/Data/PlaybackEngines/WindowsStandaloneSupport/UnityEditor.WindowsStandalone.Extensions.dll
Registered in 0.004213 seconds.
Native extension for WindowsStandalone target not found
Native extension for OSXStandalone target not found
Native extension for WebGL target not found
Refreshing native plugins compatible for Editor in 139.66 ms, found 4 plugins.
Preloading 0 native plugins for Editor in 0.00 ms.
Mono: successfully reloaded assembly
- Completed reload, in  0.828 seconds
Domain Reload Profiling:
	ReloadAssembly (829ms)
		BeginReloadAssembly (152ms)
			ExecutionOrderSort (0ms)
			DisableScriptedObjects (0ms)
			BackupInstance (0ms)
			ReleaseScriptingObjects (0ms)
			CreateAndSetChildDomain (1ms)
		EndReloadAssembly (560ms)
			LoadAssemblies (154ms)
			RebuildTransferFunctionScriptingTraits (0ms)
			SetupTypeCache (124ms)
			ReleaseScriptCaches (0ms)
			RebuildScriptCaches (34ms)
			SetupLoadedEditorAssemblies (347ms)
				LogAssemblyErrors (0ms)
				InitializePlatformSupportModulesInManaged (12ms)
				SetLoadedEditorAssemblies (0ms)
				RefreshPlugins (140ms)
				BeforeProcessingInitializeOnLoad (2ms)
				ProcessInitializeOnLoadAttributes (136ms)
				ProcessInitializeOnLoadMethodAttributes (57ms)
				AfterProcessingInitializeOnLoad (0ms)
				EditorAssembliesLoaded (0ms)
			ExecutionOrderSort2 (0ms)
			AwakeInstancesAfterBackupRestoration (0ms)
Platform modules already initialized, skipping
Registering precompiled user dll's ...
Registered in 0.013112 seconds.
Begin MonoManager ReloadAssembly
Symbol file data-000001C7C9238FD0 doesn't match image D:\Project\TheWeakest\Client\Library\ScriptAssemblies\Assembly-CSharp.dll
Symbol file LoadedFromMemory is not a mono symbol file
Symbol file data-000001C7C9CC6430 doesn't match image D:\Project\TheWeakest\Client\Library\ScriptAssemblies\Assembly-CSharp-Editor.dll
Symbol file LoadedFromMemory is not a mono symbol file
Symbol file data-000001C7CB2ED420 doesn't match image D:\Project\TheWeakest\Client\Library\ScriptAssemblies\Unity.InternalAPIEngineBridge.001.dll
Symbol file LoadedFromMemory is not a mono symbol file
Symbol file data-000001C7C9CC6430 doesn't match image D:\Project\TheWeakest\Client\Library\ScriptAssemblies\Unity.VSCode.Editor.dll
Symbol file LoadedFromMemory is not a mono symbol file
Symbol file data-000001C7CB2ED420 doesn't match image D:\Project\TheWeakest\Client\Library\ScriptAssemblies\Unity.2D.PixelPerfect.dll
Symbol file LoadedFromMemory is not a mono symbol file
Symbol file data-000001C7CB2ED420 doesn't match image D:\Project\TheWeakest\Client\Library\ScriptAssemblies\Unity.RenderPipelines.Universal.Shaders.dll
Symbol file LoadedFromMemory is not a mono symbol file
Symbol file data-000001C7C567C010 doesn't match image D:\Project\TheWeakest\Client\Library\ScriptAssemblies\PsdPlugin.dll
Symbol file LoadedFromMemory is not a mono symbol file
Symbol file data-000001C7C56B5C20 doesn't match image D:\Project\TheWeakest\Client\Library\ScriptAssemblies\Unity.TextMeshPro.Editor.dll
Symbol file LoadedFromMemory is not a mono symbol file
Symbol file data-000001C7C9CC6430 doesn't match image D:\Project\TheWeakest\Client\Library\ScriptAssemblies\Unity.Services.Core.Telemetry.dll
Symbol file LoadedFromMemory is not a mono symbol file
Symbol file data-000001C7CB2ED420 doesn't match image D:\Project\TheWeakest\Client\Library\ScriptAssemblies\Unity.Services.Core.Networking.dll
Symbol file LoadedFromMemory is not a mono symbol file
Symbol file data-000001C7C56B5C20 doesn't match image D:\Project\TheWeakest\Client\Library\ScriptAssemblies\Unity.VisualScripting.State.Editor.dll
Symbol file LoadedFromMemory is not a mono symbol file
Symbol file data-000001C7C99BD840 doesn't match image D:\Project\TheWeakest\Client\Library\ScriptAssemblies\UnityEditor.TestRunner.dll
Symbol file LoadedFromMemory is not a mono symbol file
Symbol file data-000001C7C56B5C20 doesn't match image D:\Project\TheWeakest\Client\Library\ScriptAssemblies\Unity.Searcher.Editor.dll
Symbol file LoadedFromMemory is not a mono symbol file
Symbol file data-000001C7C9CC6430 doesn't match image D:\Project\TheWeakest\Client\Library\ScriptAssemblies\Unity.2D.IK.Editor.dll
Symbol file LoadedFromMemory is not a mono symbol file
Symbol file data-000001C7C56BD030 doesn't match image D:\Project\TheWeakest\Client\Library\ScriptAssemblies\Unity.Burst.CodeGen.dll
Symbol file LoadedFromMemory is not a mono symbol file
Symbol file data-000001C7C56BD030 doesn't match image D:\Project\TheWeakest\Client\Library\ScriptAssemblies\Unity.2D.Path.Editor.dll
Symbol file LoadedFromMemory is not a mono symbol file
Symbol file data-000001C7C9CC6430 doesn't match image D:\Project\TheWeakest\Client\Library\ScriptAssemblies\Unity.VisualScripting.SettingsProvider.Editor.dll
Symbol file LoadedFromMemory is not a mono symbol file
Symbol file data-000001C7C56BD030 doesn't match image D:\Project\TheWeakest\Client\Library\ScriptAssemblies\UnityEditor.UI.dll
Symbol file LoadedFromMemory is not a mono symbol file
Symbol file data-000001C7CB2ED420 doesn't match image D:\Project\TheWeakest\Client\Library\ScriptAssemblies\Unity.ShaderGraph.Utilities.dll
Symbol file LoadedFromMemory is not a mono symbol file
Symbol file data-000001C7C9A08480 doesn't match image D:\Project\TheWeakest\Client\Library\ScriptAssemblies\Unity.Rider.Editor.dll
Symbol file LoadedFromMemory is not a mono symbol file
Symbol file data-000001C7CB2ED420 doesn't match image D:\Project\TheWeakest\Client\Library\ScriptAssemblies\Unity.RenderPipelines.Core.ShaderLibrary.dll
Symbol file LoadedFromMemory is not a mono symbol file
Symbol file data-000001C7C9A08480 doesn't match image D:\Project\TheWeakest\Client\Library\ScriptAssemblies\Unity.Services.Core.Internal.dll
Symbol file LoadedFromMemory is not a mono symbol file
Symbol file data-000001C7C975F010 doesn't match image D:\Project\TheWeakest\Client\Library\ScriptAssemblies\UnityEngine.UI.dll
Symbol file LoadedFromMemory is not a mono symbol file
Symbol file data-000001C7C98AB030 doesn't match image D:\Project\TheWeakest\Client\Library\ScriptAssemblies\Unity.Services.Core.Configuration.dll
Symbol file LoadedFromMemory is not a mono symbol file
Symbol file data-000001C7C9CC6430 doesn't match image D:\Project\TheWeakest\Client\Library\ScriptAssemblies\Unity.2D.IK.Runtime.dll
Symbol file LoadedFromMemory is not a mono symbol file
Symbol file data-000001C7C57E0010 doesn't match image D:\Project\TheWeakest\Client\Library\ScriptAssemblies\Unity.ShaderGraph.Editor.dll
Symbol file LoadedFromMemory is not a mono symbol file
Symbol file data-000001C7C9CC6430 doesn't match image D:\Project\TheWeakest\Client\Library\ScriptAssemblies\Unity.Services.Core.Configuration.Editor.dll
Symbol file LoadedFromMemory is not a mono symbol file
Symbol file data-000001C7C9A08480 doesn't match image D:\Project\TheWeakest\Client\Library\ScriptAssemblies\Unity.Services.Core.Registration.dll
Symbol file LoadedFromMemory is not a mono symbol file
Symbol file data-000001C7C9A08480 doesn't match image D:\Project\TheWeakest\Client\Library\ScriptAssemblies\Unity.Services.Core.Environments.Internal.dll
Symbol file LoadedFromMemory is not a mono symbol file
Symbol file data-000001C7C9A08480 doesn't match image D:\Project\TheWeakest\Client\Library\ScriptAssemblies\Unity.RenderPipeline.Universal.ShaderLibrary.dll
Symbol file LoadedFromMemory is not a mono symbol file
Symbol file data-000001C7C975F010 doesn't match image D:\Project\TheWeakest\Client\Library\ScriptAssemblies\Unity.CollabProxy.Editor.dll
Symbol file LoadedFromMemory is not a mono symbol file
Symbol file data-000001C7C56C3040 doesn't match image D:\Project\TheWeakest\Client\Library\ScriptAssemblies\Unity.Mathematics.Editor.dll
Symbol file LoadedFromMemory is not a mono symbol file
Symbol file data-000001C7C975F010 doesn't match image D:\Project\TheWeakest\Client\Library\ScriptAssemblies\Unity.Services.Core.Threading.dll
Symbol file LoadedFromMemory is not a mono symbol file
Symbol file data-000001C7C9770610 doesn't match image D:\Project\TheWeakest\Client\Library\ScriptAssemblies\Unity.2D.Common.Editor.dll
Symbol file LoadedFromMemory is not a mono symbol file
Symbol file data-000001C7C92D8E20 doesn't match image D:\Project\TheWeakest\Client\Library\ScriptAssemblies\Unity.VisualScripting.Flow.Editor.dll
Symbol file LoadedFromMemory is not a mono symbol file
Symbol file data-000001C7C92D8E20 doesn't match image D:\Project\TheWeakest\Client\Library\ScriptAssemblies\Unity.2D.Tilemap.Extras.dll
Symbol file LoadedFromMemory is not a mono symbol file
Symbol file data-000001C7C941C040 doesn't match image D:\Project\TheWeakest\Client\Library\ScriptAssemblies\Unity.2D.Animation.Editor.dll
Symbol file LoadedFromMemory is not a mono symbol file
Symbol file data-000001C7C92D8E20 doesn't match image D:\Project\TheWeakest\Client\Library\ScriptAssemblies\Unity.2D.Tilemap.Editor.dll
Symbol file LoadedFromMemory is not a mono symbol file
Symbol file data-000001C7C9448A50 doesn't match image D:\Project\TheWeakest\Client\Library\ScriptAssemblies\Unity.RenderPipelines.Universal.Runtime.dll
Symbol file LoadedFromMemory is not a mono symbol file
